1032 1 inf
1032 2 inf
1032 3 inf
1032 4 inf
1032 5 inf
1032 6 inf
1032 7 inf
1032 8 inf
1032 9 inf
1032 10 inf
1032 11 inf
1032 12 inf
1032 13 inf
1032 14 inf
1032 15 inf
1032 16 inf
1032 17 inf
1032 18 inf
1032 19 inf
1032 20 inf
1032 21 inf
1032 22 inf
1032 23 inf
1032 24 inf
259 25 6560.0
1032 26 inf
1032 27 inf
1032 28 inf
1032 29 inf
1032 30 inf
1032 31 inf
1032 32 inf
1032 33 inf
1032 34 inf
1032 35 inf
1032 36 inf
1032 37 inf
1032 38 inf
1032 39 inf
1032 40 inf
130 41 8000.0
1032 42 inf
1032 43 inf
1032 44 inf
1032 45 inf
1032 46 inf
1032 47 inf
1032 48 inf
1032 49 inf
1032 50 inf
1032 51 inf
1032 52 inf
1032 53 inf
1032 54 inf
1032 55 inf
1032 56 inf
1032 57 inf
1032 58 inf
1032 59 inf
1032 60 inf
1032 61 inf
1032 62 inf
1032 63 inf
1032 64 inf
1032 65 inf
1032 66 inf
1032 67 inf
1032 68 inf
1032 69 inf
1032 70 inf
1032 71 inf
1032 72 inf
1032 73 inf
1032 74 inf
1032 75 inf
1032 76 inf
1032 77 inf
1032 78 inf
1032 79 inf
1032 80 inf
1032 81 inf
1032 82 inf
1032 83 inf
1032 84 inf
1032 85 inf
1032 86 inf
1032 87 inf
1032 88 inf
1032 89 inf
1032 90 inf
1032 91 inf
1032 92 inf
1032 93 inf
1032 94 inf
1032 95 inf
1032 96 inf
1032 97 inf
1032 98 inf
1032 99 inf
1032 100 inf
1032 101 inf
1032 102 inf
1032 103 inf
1032 104 inf
1032 105 inf
1032 106 inf
1032 107 inf
1032 108 inf
1032 109 inf
1032 110 inf
1032 111 inf
1032 112 inf
1032 113 inf
1032 114 inf
1032 115 inf
1032 116 inf
1032 117 inf
1032 118 inf
1032 119 inf
1032 120 inf
1032 121 inf
1032 122 inf
1032 123 inf
1032 124 inf
1032 125 inf
1032 126 inf
1032 127 inf
1032 128 inf
1032 129 inf
1032 130 inf
1032 131 inf
1032 132 inf
1032 133 inf
1032 134 inf
1032 135 inf
1032 136 inf
1032 137 inf
1032 138 inf
1032 139 inf
1032 140 inf
1032 141 inf
1032 142 inf
1032 143 inf
1032 144 inf
1032 145 inf
1032 146 inf
1032 147 inf
1032 148 inf
1032 149 inf
1032 150 inf
1032 151 inf
1032 152 inf
1032 153 inf
1032 154 inf
1032 155 inf
1032 156 inf
1032 157 inf
1032 158 inf
1032 159 inf
1032 160 inf
1032 161 inf
1032 162 inf
1032 163 inf
1032 164 inf
1032 165 inf
1032 166 inf
1032 167 inf
1032 168 inf
1032 169 inf
1032 170 inf
1032 171 inf
1032 172 inf
1032 173 inf
1032 174 inf
1032 175 inf
1032 176 inf
1032 177 inf
1032 178 inf
1032 179 inf
1032 180 inf
1032 181 inf
1032 182 inf
1032 183 inf
1032 184 inf
1032 185 inf
1032 186 inf
1032 187 inf
1032 188 inf
1032 189 inf
1032 190 inf
1032 191 inf
1032 192 inf
1032 193 inf
1032 194 inf
1032 195 inf
1032 196 inf
1032 197 inf
1032 198 inf
1032 199 inf
1032 200 inf
1032 201 inf
1032 202 inf
1032 203 inf
1032 204 inf
25 205 8600.0
1032 206 inf
1032 207 inf
1032 208 inf
1032 209 inf
1032 210 inf
1032 211 inf
1032 212 inf
1032 213 inf
1032 214 inf
1032 215 inf
1032 216 inf
1032 217 inf
1032 218 inf
1032 219 inf
1032 220 inf
1032 221 inf
1032 222 inf
1032 223 inf
1032 224 inf
1032 225 inf
1032 226 inf
1032 227 inf
1032 228 inf
1032 229 inf
1032 230 inf
1032 231 inf
1032 232 inf
1032 233 inf
1032 234 inf
1032 235 inf
1032 236 inf
1032 237 inf
1032 238 inf
1032 239 inf
1032 240 inf
1032 241 inf
1032 242 inf
1032 243 inf
1032 244 inf
1032 245 inf
1032 246 inf
1032 247 inf
1032 248 inf
1032 249 inf
1032 250 inf
1032 251 inf
1032 252 inf
1032 253 inf
1032 254 inf
1032 255 inf
1032 256 inf
1032 257 inf
1032 258 inf
1032 259 inf
1032 260 inf
1032 261 inf
1032 262 inf
1032 263 inf
1032 264 inf
1032 265 inf
1032 266 inf
1032 267 inf
1032 268 inf
1032 269 inf
1032 270 inf
1032 271 inf
1032 272 inf
1032 273 inf
1032 274 inf
1032 275 inf
1032 276 inf
1032 277 inf
1032 278 inf
1032 279 inf
1032 280 inf
1032 281 inf
1032 282 inf
1032 283 inf
1032 284 inf
1032 285 inf
1032 286 inf
1032 287 inf
1032 288 inf
1032 289 inf
1032 290 inf
1032 291 inf
1032 292 inf
1032 293 inf
1032 294 inf
1032 295 inf
1032 296 inf
1032 297 inf
1032 298 inf
1032 299 inf
1032 300 inf
1032 301 inf
1032 302 inf
1032 303 inf
1032 304 inf
1032 305 inf
1032 306 inf
1032 307 inf
1032 308 inf
1032 309 inf
1032 310 inf
1032 311 inf
1032 312 inf
1032 313 inf
1032 314 inf
1032 315 inf
1032 316 inf
1032 317 inf
1032 318 inf
1032 319 inf
1032 320 inf
1032 321 inf
1032 322 inf
1032 323 inf
1032 324 inf
1032 325 inf
1032 326 inf
1032 327 inf
1032 328 inf
1032 329 inf
1032 330 inf
1032 331 inf
1032 332 inf
1032 333 inf
1032 334 inf
1032 335 inf
1032 336 inf
1032 337 inf
1032 338 inf
1032 339 inf
1032 340 inf
1032 341 inf
1032 342 inf
1032 343 inf
1032 344 inf
1032 345 inf
1032 346 inf
1032 347 inf
1032 348 inf
1032 349 inf
1032 350 inf
1032 351 inf
1032 352 inf
1032 353 inf
1032 354 inf
1032 355 inf
1032 356 inf
1032 357 inf
1032 358 inf
1032 359 inf
1032 360 inf
1032 361 inf
1032 362 inf
1032 363 inf
1032 364 inf
1032 365 inf
1032 366 inf
1032 367 inf
1032 368 inf
1032 369 inf
1032 370 inf
1032 371 inf
1032 372 inf
1032 373 inf
1032 374 inf
1032 375 inf
1032 376 inf
1032 377 inf
1032 378 inf
1032 379 inf
1032 380 inf
1032 381 inf
1032 382 inf
1032 383 inf
1032 384 inf
1032 385 inf
1032 386 inf
1032 387 inf
1032 388 inf
1032 389 inf
1032 390 inf
1032 391 inf
1032 392 inf
1032 393 inf
1032 394 inf
1032 395 inf
1032 396 inf
1032 397 inf
1032 398 inf
1032 399 inf
1032 400 inf
1032 401 inf
1032 402 inf
1032 403 inf
1032 404 inf
1032 405 inf
1032 406 inf
1032 407 inf
1032 408 inf
1032 409 inf
1032 410 inf
1032 411 inf
1032 412 inf
1032 413 inf
1032 414 inf
1032 415 inf
1032 416 inf
1032 417 inf
1032 418 inf
1032 419 inf
1032 420 inf
1032 421 inf
1032 422 inf
1032 423 inf
1032 424 inf
1032 425 inf
1032 426 inf
1032 427 inf
1032 428 inf
1032 429 inf
1032 430 inf
1032 431 inf
1032 432 inf
1032 433 inf
1032 434 inf
1032 435 inf
1032 436 inf
1032 437 inf
1032 438 inf
1032 439 inf
1032 440 inf
1032 441 inf
1032 442 inf
1032 443 inf
1032 444 inf
1032 445 inf
1032 446 inf
1032 447 inf
1032 448 inf
1032 449 inf
1032 450 inf
1032 451 inf
1032 452 inf
1032 453 inf
1032 454 inf
1032 455 inf
1032 456 inf
1032 457 inf
1032 458 inf
1032 459 inf
1032 460 inf
1032 461 inf
1032 462 inf
1032 463 inf
1032 464 inf
1032 465 inf
1032 466 inf
1032 467 inf
1032 468 inf
1032 469 inf
1032 470 inf
1032 471 inf
1032 472 inf
1032 473 inf
1032 474 inf
1032 475 inf
1032 476 inf
1032 477 inf
1032 478 inf
1032 479 inf
1032 480 inf
1032 481 inf
1032 482 inf
1032 483 inf
1032 484 inf
1032 485 inf
1032 486 inf
1032 487 inf
1032 488 inf
1032 489 inf
1032 490 inf
1032 491 inf
1032 492 inf
1032 493 inf
1032 494 inf
1032 495 inf
1032 496 inf
1032 497 inf
1032 498 inf
1032 499 inf
1032 500 inf
1032 501 inf
1032 502 inf
1032 503 inf
1032 504 inf
1032 505 inf
1032 506 inf
1032 507 inf
1032 508 inf
1032 509 inf
1032 510 inf
1032 511 inf
1032 512 inf
1032 513 inf
1032 514 inf
1032 515 inf
1032 516 inf
1032 517 inf
1032 518 inf
1032 519 inf
1032 520 inf
1032 521 inf
1032 522 inf
1032 523 inf
1032 524 inf
1032 525 inf
1032 526 inf
1032 527 inf
1032 528 inf
1032 529 inf
1032 530 inf
1032 531 inf
1032 532 inf
1032 533 inf
1032 534 inf
1032 535 inf
1032 536 inf
1032 537 inf
1032 538 inf
1032 539 inf
1032 540 inf
1032 541 inf
1032 542 inf
1032 543 inf
1032 544 inf
1032 545 inf
1032 546 inf
1032 547 inf
1032 548 inf
1032 549 inf
1032 550 inf
1032 551 inf
1032 552 inf
1032 553 inf
1032 554 inf
1032 555 inf
1032 556 inf
1032 557 inf
1032 558 inf
1032 559 inf
1032 560 inf
1032 561 inf
1032 562 inf
1032 563 inf
1032 564 inf
1032 565 inf
1032 566 inf
1032 567 inf
1032 568 inf
1032 569 inf
1032 570 inf
1032 571 inf
1032 572 inf
1032 573 inf
1032 574 inf
1032 575 inf
1032 576 inf
1032 577 inf
1032 578 inf
1032 579 inf
1032 580 inf
1032 581 inf
1032 582 inf
1032 583 inf
1032 584 inf
1032 585 inf
1032 586 inf
1032 587 inf
1032 588 inf
1032 589 inf
1032 590 inf
1032 591 inf
1032 592 inf
1032 593 inf
1032 594 inf
1032 595 inf
1032 596 inf
1032 597 inf
1032 598 inf
1032 599 inf
1032 600 inf
1032 601 inf
1032 602 inf
1032 603 inf
1032 604 inf
1032 605 inf
1032 606 inf
1032 607 inf
1032 608 inf
1032 609 inf
1032 610 inf
1032 611 inf
1032 612 inf
1032 613 inf
1032 614 inf
1032 615 inf
1032 616 inf
1032 617 inf
1032 618 inf
1032 619 inf
1032 620 inf
1032 621 inf
1032 622 inf
1032 623 inf
1032 624 inf
1032 625 inf
1032 626 inf
1032 627 inf
1032 628 inf
1032 629 inf
1032 630 inf
1032 631 inf
1032 632 inf
1032 633 inf
1032 634 inf
1032 635 inf
1032 636 inf
1032 637 inf
1032 638 inf
1032 639 inf
1032 640 inf
1032 641 inf
1032 642 inf
1032 643 inf
1032 644 inf
1032 645 inf
1032 646 inf
1032 647 inf
1032 648 inf
1032 649 inf
1032 650 inf
1032 651 inf
1032 652 inf
1032 653 inf
1032 654 inf
1032 655 inf
1032 656 inf
1032 657 inf
1032 658 inf
1032 659 inf
1032 660 inf
1032 661 inf
1032 662 inf
1032 663 inf
1032 664 inf
1032 665 inf
1032 666 inf
1032 667 inf
1032 668 inf
1032 669 inf
1032 670 inf
1032 671 inf
1032 672 inf
1032 673 inf
1032 674 inf
1032 675 inf
1032 676 inf
1032 677 inf
1032 678 inf
1032 679 inf
1032 680 inf
1032 681 inf
1032 682 inf
1032 683 inf
1032 684 inf
1032 685 inf
1032 686 inf
1032 687 inf
1032 688 inf
1032 689 inf
1032 690 inf
1032 691 inf
1032 692 inf
1032 693 inf
1032 694 inf
1032 695 inf
1032 696 inf
1032 697 inf
1032 698 inf
1032 699 inf
1032 700 inf
1032 701 inf
1032 702 inf
1032 703 inf
1032 704 inf
1032 705 inf
1032 706 inf
1032 707 inf
1032 708 inf
1032 709 inf
1032 710 inf
1032 711 inf
1032 712 inf
1032 713 inf
1032 714 inf
1032 715 inf
1032 716 inf
1032 717 inf
1032 718 inf
1032 719 inf
1032 720 inf
1032 721 inf
1032 722 inf
1032 723 inf
1032 724 inf
1032 725 inf
1032 726 inf
1032 727 inf
1032 728 inf
1032 729 inf
1032 730 inf
1032 731 inf
1032 732 inf
1032 733 inf
1032 734 inf
1032 735 inf
1032 736 inf
1032 737 inf
1032 738 inf
