16 16
16 16
16 18
16 16
16 20
16 18
16 21
16 16
16 18
16 20
16 22
16 24
16 26
16 28
16 30
16 16
16 17
16 18
16 19
16 20
16 21
16 22
16 23
16 24
16 25
16 26
16 27
16 28
16 29
16 30
16 31
16 16
16 16
16 18
16 16
16 20
16 18
16 21
16 16
16 18
16 20
16 22
16 24
16 26
16 28
16 30
16 16
16 17
16 18
16 19
16 20
16 21
16 22
16 23
16 24
16 25
16 26
16 27
16 28
16 29
16 30
16 31
18 16
18 16
18 18
18 16
18 20
18 18
18 21
18 16
18 18
18 20
18 22
18 24
18 26
18 28
18 30
18 16
18 17
18 18
18 19
18 20
18 21
18 22
18 23
18 24
18 25
18 26
18 27
18 28
18 29
18 30
18 31
16 16
16 16
16 18
16 16
16 20
16 18
16 21
16 16
16 18
16 20
16 22
16 24
16 26
16 28
16 30
16 16
16 17
16 18
16 19
16 20
16 21
16 22
16 23
16 24
16 25
16 26
16 27
16 28
16 29
16 30
16 31
20 16
20 16
20 18
20 16
20 20
20 18
20 21
20 16
20 18
20 20
20 22
20 24
20 26
20 28
20 30
20 16
20 17
20 18
20 19
20 20
20 21
20 22
20 23
20 24
20 25
20 26
20 27
20 28
20 29
20 30
20 31
18 16
18 16
18 18
18 16
18 20
18 18
18 21
18 16
18 18
18 20
18 22
18 24
18 26
18 28
18 30
18 16
18 17
18 18
18 19
18 20
18 21
18 22
18 23
18 24
18 25
18 26
18 27
18 28
18 29
18 30
18 31
21 16
21 16
21 18
21 16
21 20
21 18
21 21
21 16
21 18
21 20
21 22
21 24
21 26
21 28
21 30
21 16
21 17
21 18
21 19
21 20
21 21
21 22
21 23
21 24
21 25
21 26
21 27
21 28
21 29
21 30
21 31
16 16
16 16
16 18
16 16
16 20
16 18
16 21
16 16
16 18
16 20
16 22
16 24
16 26
16 28
16 30
16 16
16 17
16 18
16 19
16 20
16 21
16 22
16 23
16 24
16 25
16 26
16 27
16 28
16 29
16 30
16 31
18 16
18 16
18 18
18 16
18 20
18 18
18 21
18 16
18 18
18 20
18 22
18 24
18 26
18 28
18 30
18 16
18 17
18 18
18 19
18 20
18 21
18 22
18 23
18 24
18 25
18 26
18 27
18 28
18 29
18 30
18 31
20 16
20 16
20 18
20 16
20 20
20 18
20 21
20 16
20 18
20 20
20 22
20 24
20 26
20 28
20 30
20 16
20 17
20 18
20 19
20 20
20 21
20 22
20 23
20 24
20 25
20 26
20 27
20 28
20 29
20 30
20 31
22 16
22 16
22 18
22 16
22 20
22 18
22 21
22 16
22 18
22 20
22 22
22 24
22 26
22 28
22 30
22 16
22 17
22 18
22 19
22 20
22 21
22 22
22 23
22 24
22 25
22 26
22 27
22 28
22 29
22 30
22 31
24 16
24 16
24 18
24 16
24 20
24 18
24 21
24 16
24 18
24 20
24 22
24 24
24 26
24 28
24 30
24 16
24 17
24 18
24 19
24 20
24 21
24 22
24 23
24 24
24 25
24 26
24 27
24 28
24 29
24 30
24 31
26 16
26 16
26 18
26 16
26 20
26 18
26 21
26 16
26 18
26 20
26 22
26 24
26 26
26 28
26 30
26 16
26 17
26 18
26 19
26 20
26 21
26 22
26 23
26 24
26 25
26 26
26 27
26 28
26 29
26 30
26 31
28 16
28 16
28 18
28 16
28 20
28 18
28 21
28 16
28 18
28 20
28 22
28 24
28 26
28 28
28 30
28 16
28 17
28 18
28 19
28 20
28 21
28 22
28 23
28 24
28 25
28 26
28 27
28 28
28 29
28 30
28 31
30 16
30 16
30 18
30 16
30 20
30 18
30 21
30 16
30 18
30 20
30 22
30 24
30 26
30 28
30 30
30 16
30 17
30 18
30 19
30 20
30 21
30 22
30 23
30 24
30 25
30 26
30 27
30 28
30 29
30 30
30 31
16 16
16 16
16 18
16 16
16 20
16 18
16 21
16 16
16 18
16 20
16 22
16 24
16 26
16 28
16 30
16 16
16 17
16 18
16 19
16 20
16 21
16 22
16 23
16 24
16 25
16 26
16 27
16 28
16 29
16 30
16 31
17 16
17 16
17 18
17 16
17 20
17 18
17 21
17 16
17 18
17 20
17 22
17 24
17 26
17 28
17 30
17 16
17 17
17 18
17 19
17 20
17 21
17 22
17 23
17 24
17 25
17 26
17 27
17 28
17 29
17 30
17 31
18 16
18 16
18 18
18 16
18 20
18 18
18 21
18 16
18 18
18 20
18 22
18 24
18 26
18 28
18 30
18 16
18 17
18 18
18 19
18 20
18 21
18 22
18 23
18 24
18 25
18 26
18 27
18 28
18 29
18 30
18 31
19 16
19 16
19 18
19 16
19 20
19 18
19 21
19 16
19 18
19 20
19 22
19 24
19 26
19 28
19 30
19 16
19 17
19 18
19 19
19 20
19 21
19 22
19 23
19 24
19 25
19 26
19 27
19 28
19 29
19 30
19 31
20 16
20 16
20 18
20 16
20 20
20 18
20 21
20 16
20 18
20 20
20 22
20 24
20 26
20 28
20 30
20 16
20 17
20 18
20 19
20 20
20 21
20 22
20 23
20 24
20 25
20 26
20 27
20 28
20 29
20 30
20 31
21 16
21 16
21 18
21 16
21 20
21 18
21 21
21 16
21 18
21 20
21 22
21 24
21 26
21 28
21 30
21 16
21 17
21 18
21 19
21 20
21 21
21 22
21 23
21 24
21 25
21 26
21 27
21 28
21 29
21 30
21 31
22 16
22 16
22 18
22 16
22 20
22 18
22 21
22 16
22 18
22 20
22 22
22 24
22 26
22 28
22 30
22 16
22 17
22 18
22 19
22 20
22 21
22 22
22 23
22 24
22 25
22 26
22 27
22 28
22 29
22 30
22 31
23 16
23 16
23 18
23 16
23 20
23 18
23 21
23 16
23 18
23 20
23 22
23 24
23 26
23 28
23 30
23 16
23 17
23 18
23 19
23 20
23 21
23 22
23 23
23 24
23 25
23 26
23 27
23 28
23 29
23 30
23 31
24 16
24 16
24 18
24 16
24 20
24 18
24 21
24 16
24 18
24 20
24 22
24 24
24 26
24 28
24 30
24 16
24 17
24 18
24 19
24 20
24 21
24 22
24 23
24 24
24 25
24 26
24 27
24 28
24 29
24 30
24 31
25 16
25 16
25 18
25 16
25 20
25 18
25 21
25 16
25 18
25 20
25 22
25 24
25 26
25 28
25 30
25 16
25 17
25 18
25 19
25 20
25 21
25 22
25 23
25 24
25 25
25 26
25 27
25 28
25 29
25 30
25 31
26 16
26 16
26 18
26 16
26 20
26 18
26 21
26 16
26 18
26 20
26 22
26 24
26 26
26 28
26 30
26 16
26 17
26 18
26 19
26 20
26 21
26 22
26 23
26 24
26 25
26 26
26 27
26 28
26 29
26 30
26 31
27 16
27 16
27 18
27 16
27 20
27 18
27 21
27 16
27 18
27 20
27 22
27 24
27 26
27 28
27 30
27 16
27 17
27 18
27 19
27 20
27 21
27 22
27 23
27 24
27 25
27 26
27 27
27 28
27 29
27 30
27 31
28 16
28 16
28 18
28 16
28 20
28 18
28 21
28 16
28 18
28 20
28 22
28 24
28 26
28 28
28 30
28 16
28 17
28 18
28 19
28 20
28 21
28 22
28 23
28 24
28 25
28 26
28 27
28 28
28 29
28 30
28 31
29 16
29 16
29 18
29 16
29 20
29 18
29 21
29 16
29 18
29 20
29 22
29 24
29 26
29 28
29 30
29 16
29 17
29 18
29 19
29 20
29 21
29 22
29 23
29 24
29 25
29 26
29 27
29 28
29 29
29 30
29 31
30 16
30 16
30 18
30 16
30 20
30 18
30 21
30 16
30 18
30 20
30 22
30 24
30 26
30 28
30 30
30 16
30 17
30 18
30 19
30 20
30 21
30 22
30 23
30 24
30 25
30 26
30 27
30 28
30 29
30 30
30 31
31 16
31 16
31 18
31 16
31 20
31 18
31 21
31 16
31 18
31 20
31 22
31 24
31 26
31 28
31 30
31 16
31 17
31 18
31 19
31 20
31 21
31 22
31 23
31 24
31 25
31 26
31 27
31 28
31 29
31 30
31 31
191535
